2023-03-23 15:04:51.821  INFO 28636 --- [main] com.bekir.controller.UserControllerTest  : Starting UserControllerTest using Java 17.0.6 on DESKTOP-2H10H22 with PID 28636 (started by Bekir in D:\bekir\my_projects\Java\exercise\creditApplication)
2023-03-23 15:04:51.826  INFO 28636 --- [main] com.bekir.controller.UserControllerTest  : No active profile set, falling back to default profiles: default
2023-03-23 15:04:53.573  INFO 28636 --- [main] pertySourcedRequestMappingHandlerMapping : Mapped URL path [/v2/api-docs] onto method [springfox.documentation.swagger2.web.Swagger2Controller#getDocumentation(String, HttpServletRequest)]
2023-03-23 15:04:53.884  WARN 28636 --- [main] ion$DefaultTemplateResolverConfiguration : Cannot find template location: classpath:/templates/ (please add some templates or check your Thymeleaf configuration)
2023-03-23 15:04:54.004  INFO 28636 --- [main] .s.s.UserDetailsServiceAutoConfiguration : 

Using generated security password: ca3ae39d-8b52-4f0b-8c8f-df87d60f1218

2023-03-23 15:04:54.165  INFO 28636 --- [main] o.s.s.web.DefaultSecurityFilterChain     : Will secure any request with [org.springframework.security.web.context.request.async.WebAsyncManagerIntegrationFilter@3d7b3b18, org.springframework.security.web.context.SecurityContextPersistenceFilter@58b5f7d2, org.springframework.security.web.header.HeaderWriterFilter@4ff9f715, org.springframework.security.web.csrf.CsrfFilter@7210f559, org.springframework.security.web.authentication.logout.LogoutFilter@31433df9, org.springframework.security.web.authentication.UsernamePasswordAuthenticationFilter@5bccaedb, org.springframework.security.web.authentication.ui.DefaultLoginPageGeneratingFilter@6e4e60f5, org.springframework.security.web.authentication.ui.DefaultLogoutPageGeneratingFilter@186dcb05, org.springframework.security.web.authentication.www.BasicAuthenticationFilter@be1c08a, org.springframework.security.web.savedrequest.RequestCacheAwareFilter@5615f82d, org.springframework.security.web.servletapi.SecurityContextHolderAwareRequestFilter@5724c7da, org.springframework.security.web.authentication.AnonymousAuthenticationFilter@1d0dad12, org.springframework.security.web.session.SessionManagementFilter@74b7497b, org.springframework.security.web.access.ExceptionTranslationFilter@513fab1e, org.springframework.security.web.access.intercept.FilterSecurityInterceptor@73ae82da]
2023-03-23 15:04:54.241  INFO 28636 --- [main] o.s.b.t.m.w.SpringBootMockServletContext : Initializing Spring TestDispatcherServlet ''
2023-03-23 15:04:54.241  INFO 28636 --- [main] o.s.t.web.servlet.TestDispatcherServlet  : Initializing Servlet ''
2023-03-23 15:04:54.242  INFO 28636 --- [main] o.s.t.web.servlet.TestDispatcherServlet  : Completed initialization in 1 ms
2023-03-23 15:04:54.264  INFO 28636 --- [main] d.s.w.p.DocumentationPluginsBootstrapper : Context refreshed
2023-03-23 15:04:54.302  INFO 28636 --- [main] d.s.w.p.DocumentationPluginsBootstrapper : Found 1 custom documentation plugin(s)
2023-03-23 15:04:54.328  INFO 28636 --- [main] s.d.s.w.s.ApiListingReferenceScanner     : Scanning for api listing references
2023-03-23 15:04:54.461  INFO 28636 --- [main] com.bekir.controller.UserControllerTest  : Started UserControllerTest in 3.394 seconds (JVM running for 4.29)
2023-03-23 15:05:37.394  INFO 20592 --- [main] com.bekir.controller.UserControllerTest  : Starting UserControllerTest using Java 17.0.6 on DESKTOP-2H10H22 with PID 20592 (started by Bekir in D:\bekir\my_projects\Java\exercise\creditApplication)
2023-03-23 15:05:37.395  INFO 20592 --- [main] com.bekir.controller.UserControllerTest  : No active profile set, falling back to default profiles: default
2023-03-23 15:05:38.841  INFO 20592 --- [main] pertySourcedRequestMappingHandlerMapping : Mapped URL path [/v2/api-docs] onto method [springfox.documentation.swagger2.web.Swagger2Controller#getDocumentation(String, HttpServletRequest)]
2023-03-23 15:05:39.135  WARN 20592 --- [main] ion$DefaultTemplateResolverConfiguration : Cannot find template location: classpath:/templates/ (please add some templates or check your Thymeleaf configuration)
2023-03-23 15:05:39.247  INFO 20592 --- [main] .s.s.UserDetailsServiceAutoConfiguration : 

Using generated security password: 32d507a3-1f3a-494f-b2ed-97ab7acda621

2023-03-23 15:05:39.381  INFO 20592 --- [main] o.s.s.web.DefaultSecurityFilterChain     : Will secure any request with [org.springframework.security.web.context.request.async.WebAsyncManagerIntegrationFilter@2bc2e022, org.springframework.security.web.context.SecurityContextPersistenceFilter@74f649a7, org.springframework.security.web.header.HeaderWriterFilter@53d87b2d, org.springframework.security.web.csrf.CsrfFilter@2bc59ab7, org.springframework.security.web.authentication.logout.LogoutFilter@14b48f39, org.springframework.security.web.authentication.UsernamePasswordAuthenticationFilter@14ad42, org.springframework.security.web.authentication.ui.DefaultLoginPageGeneratingFilter@1bea7b0, org.springframework.security.web.authentication.ui.DefaultLogoutPageGeneratingFilter@2210e466, org.springframework.security.web.authentication.www.BasicAuthenticationFilter@7f1ad846, org.springframework.security.web.savedrequest.RequestCacheAwareFilter@1e482ecd, org.springframework.security.web.servletapi.SecurityContextHolderAwareRequestFilter@5615f82d, org.springframework.security.web.authentication.AnonymousAuthenticationFilter@be1c08a, org.springframework.security.web.session.SessionManagementFilter@5f68eec6, org.springframework.security.web.access.ExceptionTranslationFilter@3be46d9c, org.springframework.security.web.access.intercept.FilterSecurityInterceptor@b4d83ac]
2023-03-23 15:05:39.450  INFO 20592 --- [main] o.s.b.t.m.w.SpringBootMockServletContext : Initializing Spring TestDispatcherServlet ''
2023-03-23 15:05:39.451  INFO 20592 --- [main] o.s.t.web.servlet.TestDispatcherServlet  : Initializing Servlet ''
2023-03-23 15:05:39.452  INFO 20592 --- [main] o.s.t.web.servlet.TestDispatcherServlet  : Completed initialization in 1 ms
2023-03-23 15:05:39.474  INFO 20592 --- [main] d.s.w.p.DocumentationPluginsBootstrapper : Context refreshed
2023-03-23 15:05:39.491  INFO 20592 --- [main] d.s.w.p.DocumentationPluginsBootstrapper : Found 1 custom documentation plugin(s)
2023-03-23 15:05:39.530  INFO 20592 --- [main] s.d.s.w.s.ApiListingReferenceScanner     : Scanning for api listing references
2023-03-23 15:05:39.655  INFO 20592 --- [main] com.bekir.controller.UserControllerTest  : Started UserControllerTest in 2.557 seconds (JVM running for 3.302)
2023-03-23 15:09:17.926  INFO 24564 --- [main] com.bekir.controller.UserControllerTest  : Starting UserControllerTest using Java 17.0.6 on DESKTOP-2H10H22 with PID 24564 (started by Bekir in D:\bekir\my_projects\Java\exercise\creditApplication)
2023-03-23 15:09:17.928  INFO 24564 --- [main] com.bekir.controller.UserControllerTest  : No active profile set, falling back to default profiles: default
2023-03-23 15:09:19.592  INFO 24564 --- [main] pertySourcedRequestMappingHandlerMapping : Mapped URL path [/v2/api-docs] onto method [springfox.documentation.swagger2.web.Swagger2Controller#getDocumentation(String, HttpServletRequest)]
2023-03-23 15:09:19.950  WARN 24564 --- [main] ion$DefaultTemplateResolverConfiguration : Cannot find template location: classpath:/templates/ (please add some templates or check your Thymeleaf configuration)
2023-03-23 15:09:20.088  INFO 24564 --- [main] .s.s.UserDetailsServiceAutoConfiguration : 

Using generated security password: 4e323951-40a5-48aa-8b7e-87fcd140ddb9

2023-03-23 15:09:20.267  INFO 24564 --- [main] o.s.s.web.DefaultSecurityFilterChain     : Will secure any request with [org.springframework.security.web.context.request.async.WebAsyncManagerIntegrationFilter@32e65852, org.springframework.security.web.context.SecurityContextPersistenceFilter@4cd8db31, org.springframework.security.web.header.HeaderWriterFilter@4f2544b0, org.springframework.security.web.csrf.CsrfFilter@1ab9c735, org.springframework.security.web.authentication.logout.LogoutFilter@78743dd8, org.springframework.security.web.authentication.UsernamePasswordAuthenticationFilter@257b3561, org.springframework.security.web.authentication.ui.DefaultLoginPageGeneratingFilter@35d88a54, org.springframework.security.web.authentication.ui.DefaultLogoutPageGeneratingFilter@64d93096, org.springframework.security.web.authentication.www.BasicAuthenticationFilter@451af781, org.springframework.security.web.savedrequest.RequestCacheAwareFilter@7b64bbad, org.springframework.security.web.servletapi.SecurityContextHolderAwareRequestFilter@2d3eecda, org.springframework.security.web.authentication.AnonymousAuthenticationFilter@76ed7573, org.springframework.security.web.session.SessionManagementFilter@70aa58e1, org.springframework.security.web.access.ExceptionTranslationFilter@63f3366a, org.springframework.security.web.access.intercept.FilterSecurityInterceptor@1191029d]
2023-03-23 15:09:20.357  INFO 24564 --- [main] o.s.b.t.m.w.SpringBootMockServletContext : Initializing Spring TestDispatcherServlet ''
2023-03-23 15:09:20.357  INFO 24564 --- [main] o.s.t.web.servlet.TestDispatcherServlet  : Initializing Servlet ''
2023-03-23 15:09:20.358  INFO 24564 --- [main] o.s.t.web.servlet.TestDispatcherServlet  : Completed initialization in 1 ms
2023-03-23 15:09:20.384  INFO 24564 --- [main] d.s.w.p.DocumentationPluginsBootstrapper : Context refreshed
2023-03-23 15:09:20.406  INFO 24564 --- [main] d.s.w.p.DocumentationPluginsBootstrapper : Found 1 custom documentation plugin(s)
2023-03-23 15:09:20.434  INFO 24564 --- [main] s.d.s.w.s.ApiListingReferenceScanner     : Scanning for api listing references
2023-03-23 15:09:20.559  INFO 24564 --- [main] com.bekir.controller.UserControllerTest  : Started UserControllerTest in 2.974 seconds (JVM running for 4.323)
2023-03-23 15:09:43.685  INFO 2520 --- [main] com.bekir.controller.UserControllerTest  : Starting UserControllerTest using Java 17.0.6 on DESKTOP-2H10H22 with PID 2520 (started by Bekir in D:\bekir\my_projects\Java\exercise\creditApplication)
2023-03-23 15:09:43.687  INFO 2520 --- [main] com.bekir.controller.UserControllerTest  : No active profile set, falling back to default profiles: default
2023-03-23 15:09:45.222  INFO 2520 --- [main] pertySourcedRequestMappingHandlerMapping : Mapped URL path [/v2/api-docs] onto method [springfox.documentation.swagger2.web.Swagger2Controller#getDocumentation(String, HttpServletRequest)]
2023-03-23 15:09:45.639  WARN 2520 --- [main] ion$DefaultTemplateResolverConfiguration : Cannot find template location: classpath:/templates/ (please add some templates or check your Thymeleaf configuration)
2023-03-23 15:09:45.767  INFO 2520 --- [main] .s.s.UserDetailsServiceAutoConfiguration : 

Using generated security password: 001d3832-ebd6-4154-b18f-3a8b1dbc3d2e

2023-03-23 15:09:45.954  INFO 2520 --- [main] o.s.s.web.DefaultSecurityFilterChain     : Will secure any request with [org.springframework.security.web.context.request.async.WebAsyncManagerIntegrationFilter@608b906d, org.springframework.security.web.context.SecurityContextPersistenceFilter@b267745, org.springframework.security.web.header.HeaderWriterFilter@265287ec, org.springframework.security.web.csrf.CsrfFilter@5e020dd1, org.springframework.security.web.authentication.logout.LogoutFilter@21698e5a, org.springframework.security.web.authentication.UsernamePasswordAuthenticationFilter@14993306, org.springframework.security.web.authentication.ui.DefaultLoginPageGeneratingFilter@5724c7da, org.springframework.security.web.authentication.ui.DefaultLogoutPageGeneratingFilter@173cfb01, org.springframework.security.web.authentication.www.BasicAuthenticationFilter@29c80149, org.springframework.security.web.savedrequest.RequestCacheAwareFilter@41bdaa81, org.springframework.security.web.servletapi.SecurityContextHolderAwareRequestFilter@289a4b90, org.springframework.security.web.authentication.AnonymousAuthenticationFilter@7e1762e6, org.springframework.security.web.session.SessionManagementFilter@49b9ba6a, org.springframework.security.web.access.ExceptionTranslationFilter@6d80e411, org.springframework.security.web.access.intercept.FilterSecurityInterceptor@1b6cad77]
2023-03-23 15:09:46.053  INFO 2520 --- [main] o.s.b.t.m.w.SpringBootMockServletContext : Initializing Spring TestDispatcherServlet ''
2023-03-23 15:09:46.053  INFO 2520 --- [main] o.s.t.web.servlet.TestDispatcherServlet  : Initializing Servlet ''
2023-03-23 15:09:46.055  INFO 2520 --- [main] o.s.t.web.servlet.TestDispatcherServlet  : Completed initialization in 1 ms
2023-03-23 15:09:46.082  INFO 2520 --- [main] d.s.w.p.DocumentationPluginsBootstrapper : Context refreshed
2023-03-23 15:09:46.102  INFO 2520 --- [main] d.s.w.p.DocumentationPluginsBootstrapper : Found 1 custom documentation plugin(s)
2023-03-23 15:09:46.134  INFO 2520 --- [main] s.d.s.w.s.ApiListingReferenceScanner     : Scanning for api listing references
2023-03-23 15:09:46.252  INFO 2520 --- [main] com.bekir.controller.UserControllerTest  : Started UserControllerTest in 2.901 seconds (JVM running for 3.687)
2023-03-23 15:09:56.641  INFO 14996 --- [main] com.bekir.controller.UserControllerTest  : Starting UserControllerTest using Java 17.0.6 on DESKTOP-2H10H22 with PID 14996 (started by Bekir in D:\bekir\my_projects\Java\exercise\creditApplication)
2023-03-23 15:09:56.643  INFO 14996 --- [main] com.bekir.controller.UserControllerTest  : No active profile set, falling back to default profiles: default
2023-03-23 15:09:58.066  INFO 14996 --- [main] pertySourcedRequestMappingHandlerMapping : Mapped URL path [/v2/api-docs] onto method [springfox.documentation.swagger2.web.Swagger2Controller#getDocumentation(String, HttpServletRequest)]
2023-03-23 15:09:58.351  WARN 14996 --- [main] ion$DefaultTemplateResolverConfiguration : Cannot find template location: classpath:/templates/ (please add some templates or check your Thymeleaf configuration)
2023-03-23 15:09:58.455  INFO 14996 --- [main] .s.s.UserDetailsServiceAutoConfiguration : 

Using generated security password: e5904cb5-3c3e-46aa-adc2-36723aafbff1

2023-03-23 15:09:58.588  INFO 14996 --- [main] o.s.s.web.DefaultSecurityFilterChain     : Will secure any request with [org.springframework.security.web.context.request.async.WebAsyncManagerIntegrationFilter@55746340, org.springframework.security.web.context.SecurityContextPersistenceFilter@4ff9f715, org.springframework.security.web.header.HeaderWriterFilter@41d877bb, org.springframework.security.web.csrf.CsrfFilter@4b9fa2f, org.springframework.security.web.authentication.logout.LogoutFilter@683fe7b5, org.springframework.security.web.authentication.UsernamePasswordAuthenticationFilter@38923cfe, org.springframework.security.web.authentication.ui.DefaultLoginPageGeneratingFilter@321c2a7, org.springframework.security.web.authentication.ui.DefaultLogoutPageGeneratingFilter@6a0c7af6, org.springframework.security.web.authentication.www.BasicAuthenticationFilter@3ba5c4dd, org.springframework.security.web.savedrequest.RequestCacheAwareFilter@74b7497b, org.springframework.security.web.servletapi.SecurityContextHolderAwareRequestFilter@1e482ecd, org.springframework.security.web.authentication.AnonymousAuthenticationFilter@7f1ad846, org.springframework.security.web.session.SessionManagementFilter@513fab1e, org.springframework.security.web.access.ExceptionTranslationFilter@45f0038, org.springframework.security.web.access.intercept.FilterSecurityInterceptor@50bb1c1f]
2023-03-23 15:09:58.656  INFO 14996 --- [main] o.s.b.t.m.w.SpringBootMockServletContext : Initializing Spring TestDispatcherServlet ''
2023-03-23 15:09:58.656  INFO 14996 --- [main] o.s.t.web.servlet.TestDispatcherServlet  : Initializing Servlet ''
2023-03-23 15:09:58.658  INFO 14996 --- [main] o.s.t.web.servlet.TestDispatcherServlet  : Completed initialization in 2 ms
2023-03-23 15:09:58.679  INFO 14996 --- [main] d.s.w.p.DocumentationPluginsBootstrapper : Context refreshed
2023-03-23 15:09:58.715  INFO 14996 --- [main] d.s.w.p.DocumentationPluginsBootstrapper : Found 1 custom documentation plugin(s)
2023-03-23 15:09:58.752  INFO 14996 --- [main] s.d.s.w.s.ApiListingReferenceScanner     : Scanning for api listing references
2023-03-23 15:09:58.866  INFO 14996 --- [main] com.bekir.controller.UserControllerTest  : Started UserControllerTest in 2.524 seconds (JVM running for 3.339)
2023-03-23 15:11:39.206  INFO 16568 --- [main] com.bekir.controller.UserControllerTest  : Starting UserControllerTest using Java 17.0.6 on DESKTOP-2H10H22 with PID 16568 (started by Bekir in D:\bekir\my_projects\Java\exercise\creditApplication)
2023-03-23 15:11:39.209  INFO 16568 --- [main] com.bekir.controller.UserControllerTest  : No active profile set, falling back to default profiles: default
2023-03-23 15:11:40.637  INFO 16568 --- [main] pertySourcedRequestMappingHandlerMapping : Mapped URL path [/v2/api-docs] onto method [springfox.documentation.swagger2.web.Swagger2Controller#getDocumentation(String, HttpServletRequest)]
2023-03-23 15:11:40.925  WARN 16568 --- [main] ion$DefaultTemplateResolverConfiguration : Cannot find template location: classpath:/templates/ (please add some templates or check your Thymeleaf configuration)
2023-03-23 15:11:41.029  INFO 16568 --- [main] .s.s.UserDetailsServiceAutoConfiguration : 

Using generated security password: 79cccc08-dc0a-4896-9065-cf38ea10aa00

2023-03-23 15:11:41.163  INFO 16568 --- [main] o.s.s.web.DefaultSecurityFilterChain     : Will secure any request with [org.springframework.security.web.context.request.async.WebAsyncManagerIntegrationFilter@5d5ae6aa, org.springframework.security.web.context.SecurityContextPersistenceFilter@74b7497b, org.springframework.security.web.header.HeaderWriterFilter@513fab1e, org.springframework.security.web.csrf.CsrfFilter@60e67c06, org.springframework.security.web.authentication.logout.LogoutFilter@321c2a7, org.springframework.security.web.authentication.UsernamePasswordAuthenticationFilter@29c80149, org.springframework.security.web.authentication.ui.DefaultLoginPageGeneratingFilter@c87787d, org.springframework.security.web.authentication.ui.DefaultLogoutPageGeneratingFilter@2bc2e022, org.springframework.security.web.authentication.www.BasicAuthenticationFilter@6a0c7af6, org.springframework.security.web.savedrequest.RequestCacheAwareFilter@50fa5938, org.springframework.security.web.servletapi.SecurityContextHolderAwareRequestFilter@9f48198, org.springframework.security.web.authentication.AnonymousAuthenticationFilter@2210e466, org.springframework.security.web.session.SessionManagementFilter@7323dce7, org.springframework.security.web.access.ExceptionTranslationFilter@4746fb8c, org.springframework.security.web.access.intercept.FilterSecurityInterceptor@31e3c34]
2023-03-23 15:11:41.238  INFO 16568 --- [main] o.s.b.t.m.w.SpringBootMockServletContext : Initializing Spring TestDispatcherServlet ''
2023-03-23 15:11:41.238  INFO 16568 --- [main] o.s.t.web.servlet.TestDispatcherServlet  : Initializing Servlet ''
2023-03-23 15:11:41.239  INFO 16568 --- [main] o.s.t.web.servlet.TestDispatcherServlet  : Completed initialization in 1 ms
2023-03-23 15:11:41.261  INFO 16568 --- [main] d.s.w.p.DocumentationPluginsBootstrapper : Context refreshed
2023-03-23 15:11:41.279  INFO 16568 --- [main] d.s.w.p.DocumentationPluginsBootstrapper : Found 1 custom documentation plugin(s)
2023-03-23 15:11:41.304  INFO 16568 --- [main] s.d.s.w.s.ApiListingReferenceScanner     : Scanning for api listing references
2023-03-23 15:11:41.441  INFO 16568 --- [main] com.bekir.controller.UserControllerTest  : Started UserControllerTest in 2.51 seconds (JVM running for 3.268)
2023-03-23 15:12:07.761  INFO 26704 --- [main] com.bekir.controller.UserControllerTest  : Starting UserControllerTest using Java 17.0.6 on DESKTOP-2H10H22 with PID 26704 (started by Bekir in D:\bekir\my_projects\Java\exercise\creditApplication)
2023-03-23 15:12:07.763  INFO 26704 --- [main] com.bekir.controller.UserControllerTest  : No active profile set, falling back to default profiles: default
2023-03-23 15:12:09.210  INFO 26704 --- [main] pertySourcedRequestMappingHandlerMapping : Mapped URL path [/v2/api-docs] onto method [springfox.documentation.swagger2.web.Swagger2Controller#getDocumentation(String, HttpServletRequest)]
2023-03-23 15:12:09.497  WARN 26704 --- [main] ion$DefaultTemplateResolverConfiguration : Cannot find template location: classpath:/templates/ (please add some templates or check your Thymeleaf configuration)
2023-03-23 15:12:09.607  INFO 26704 --- [main] .s.s.UserDetailsServiceAutoConfiguration : 

Using generated security password: 9d06db79-193d-45b7-9d1a-16c00e69ae59

2023-03-23 15:12:09.749  INFO 26704 --- [main] o.s.s.web.DefaultSecurityFilterChain     : Will secure any request with [org.springframework.security.web.context.request.async.WebAsyncManagerIntegrationFilter@5d5ae6aa, org.springframework.security.web.context.SecurityContextPersistenceFilter@74b7497b, org.springframework.security.web.header.HeaderWriterFilter@513fab1e, org.springframework.security.web.csrf.CsrfFilter@60e67c06, org.springframework.security.web.authentication.logout.LogoutFilter@321c2a7, org.springframework.security.web.authentication.UsernamePasswordAuthenticationFilter@29c80149, org.springframework.security.web.authentication.ui.DefaultLoginPageGeneratingFilter@c87787d, org.springframework.security.web.authentication.ui.DefaultLogoutPageGeneratingFilter@2bc2e022, org.springframework.security.web.authentication.www.BasicAuthenticationFilter@6a0c7af6, org.springframework.security.web.savedrequest.RequestCacheAwareFilter@50fa5938, org.springframework.security.web.servletapi.SecurityContextHolderAwareRequestFilter@9f48198, org.springframework.security.web.authentication.AnonymousAuthenticationFilter@2210e466, org.springframework.security.web.session.SessionManagementFilter@7323dce7, org.springframework.security.web.access.ExceptionTranslationFilter@4746fb8c, org.springframework.security.web.access.intercept.FilterSecurityInterceptor@31e3c34]
2023-03-23 15:12:09.827  INFO 26704 --- [main] o.s.b.t.m.w.SpringBootMockServletContext : Initializing Spring TestDispatcherServlet ''
2023-03-23 15:12:09.827  INFO 26704 --- [main] o.s.t.web.servlet.TestDispatcherServlet  : Initializing Servlet ''
2023-03-23 15:12:09.829  INFO 26704 --- [main] o.s.t.web.servlet.TestDispatcherServlet  : Completed initialization in 2 ms
2023-03-23 15:12:09.853  INFO 26704 --- [main] d.s.w.p.DocumentationPluginsBootstrapper : Context refreshed
2023-03-23 15:12:09.873  INFO 26704 --- [main] d.s.w.p.DocumentationPluginsBootstrapper : Found 1 custom documentation plugin(s)
2023-03-23 15:12:09.901  INFO 26704 --- [main] s.d.s.w.s.ApiListingReferenceScanner     : Scanning for api listing references
2023-03-23 15:12:10.051  INFO 26704 --- [main] com.bekir.controller.UserControllerTest  : Started UserControllerTest in 2.576 seconds (JVM running for 3.372)
2023-03-23 15:12:47.678  INFO 20668 --- [main] com.bekir.controller.UserControllerTest  : Starting UserControllerTest using Java 17.0.6 on DESKTOP-2H10H22 with PID 20668 (started by Bekir in D:\bekir\my_projects\Java\exercise\creditApplication)
2023-03-23 15:12:47.679  INFO 20668 --- [main] com.bekir.controller.UserControllerTest  : No active profile set, falling back to default profiles: default
2023-03-23 15:12:49.046  INFO 20668 --- [main] pertySourcedRequestMappingHandlerMapping : Mapped URL path [/v2/api-docs] onto method [springfox.documentation.swagger2.web.Swagger2Controller#getDocumentation(String, HttpServletRequest)]
2023-03-23 15:12:49.325  WARN 20668 --- [main] ion$DefaultTemplateResolverConfiguration : Cannot find template location: classpath:/templates/ (please add some templates or check your Thymeleaf configuration)
2023-03-23 15:12:49.431  INFO 20668 --- [main] .s.s.UserDetailsServiceAutoConfiguration : 

Using generated security password: 5a13e458-7cc6-406a-b569-f52fbc807d49

2023-03-23 15:12:49.569  INFO 20668 --- [main] o.s.s.web.DefaultSecurityFilterChain     : Will secure any request with [org.springframework.security.web.context.request.async.WebAsyncManagerIntegrationFilter@55746340, org.springframework.security.web.context.SecurityContextPersistenceFilter@4ff9f715, org.springframework.security.web.header.HeaderWriterFilter@41d877bb, org.springframework.security.web.csrf.CsrfFilter@4b9fa2f, org.springframework.security.web.authentication.logout.LogoutFilter@683fe7b5, org.springframework.security.web.authentication.UsernamePasswordAuthenticationFilter@38923cfe, org.springframework.security.web.authentication.ui.DefaultLoginPageGeneratingFilter@321c2a7, org.springframework.security.web.authentication.ui.DefaultLogoutPageGeneratingFilter@6a0c7af6, org.springframework.security.web.authentication.www.BasicAuthenticationFilter@3ba5c4dd, org.springframework.security.web.savedrequest.RequestCacheAwareFilter@74b7497b, org.springframework.security.web.servletapi.SecurityContextHolderAwareRequestFilter@1e482ecd, org.springframework.security.web.authentication.AnonymousAuthenticationFilter@7f1ad846, org.springframework.security.web.session.SessionManagementFilter@513fab1e, org.springframework.security.web.access.ExceptionTranslationFilter@45f0038, org.springframework.security.web.access.intercept.FilterSecurityInterceptor@50bb1c1f]
2023-03-23 15:12:49.636  INFO 20668 --- [main] o.s.b.t.m.w.SpringBootMockServletContext : Initializing Spring TestDispatcherServlet ''
2023-03-23 15:12:49.636  INFO 20668 --- [main] o.s.t.web.servlet.TestDispatcherServlet  : Initializing Servlet ''
2023-03-23 15:12:49.637  INFO 20668 --- [main] o.s.t.web.servlet.TestDispatcherServlet  : Completed initialization in 1 ms
2023-03-23 15:12:49.657  INFO 20668 --- [main] d.s.w.p.DocumentationPluginsBootstrapper : Context refreshed
2023-03-23 15:12:49.675  INFO 20668 --- [main] d.s.w.p.DocumentationPluginsBootstrapper : Found 1 custom documentation plugin(s)
2023-03-23 15:12:49.700  INFO 20668 --- [main] s.d.s.w.s.ApiListingReferenceScanner     : Scanning for api listing references
2023-03-23 15:12:49.829  INFO 20668 --- [main] com.bekir.controller.UserControllerTest  : Started UserControllerTest in 2.437 seconds (JVM running for 3.205)
2023-03-23 15:15:27.660  INFO 27112 --- [main] com.bekir.controller.UserControllerTest  : Starting UserControllerTest using Java 17.0.6 on DESKTOP-2H10H22 with PID 27112 (started by Bekir in D:\bekir\my_projects\Java\exercise\creditApplication)
2023-03-23 15:15:27.662  INFO 27112 --- [main] com.bekir.controller.UserControllerTest  : No active profile set, falling back to default profiles: default
2023-03-23 15:15:29.057  INFO 27112 --- [main] pertySourcedRequestMappingHandlerMapping : Mapped URL path [/v2/api-docs] onto method [springfox.documentation.swagger2.web.Swagger2Controller#getDocumentation(String, HttpServletRequest)]
2023-03-23 15:15:29.339  WARN 27112 --- [main] ion$DefaultTemplateResolverConfiguration : Cannot find template location: classpath:/templates/ (please add some templates or check your Thymeleaf configuration)
2023-03-23 15:15:29.448  INFO 27112 --- [main] .s.s.UserDetailsServiceAutoConfiguration : 

Using generated security password: 9e6b623b-9f27-4e5d-b4b5-1f878e36c487

2023-03-23 15:15:29.585  INFO 27112 --- [main] o.s.s.web.DefaultSecurityFilterChain     : Will secure any request with [org.springframework.security.web.context.request.async.WebAsyncManagerIntegrationFilter@5d5ae6aa, org.springframework.security.web.context.SecurityContextPersistenceFilter@74b7497b, org.springframework.security.web.header.HeaderWriterFilter@513fab1e, org.springframework.security.web.csrf.CsrfFilter@60e67c06, org.springframework.security.web.authentication.logout.LogoutFilter@321c2a7, org.springframework.security.web.authentication.UsernamePasswordAuthenticationFilter@29c80149, org.springframework.security.web.authentication.ui.DefaultLoginPageGeneratingFilter@c87787d, org.springframework.security.web.authentication.ui.DefaultLogoutPageGeneratingFilter@2bc2e022, org.springframework.security.web.authentication.www.BasicAuthenticationFilter@6a0c7af6, org.springframework.security.web.savedrequest.RequestCacheAwareFilter@50fa5938, org.springframework.security.web.servletapi.SecurityContextHolderAwareRequestFilter@9f48198, org.springframework.security.web.authentication.AnonymousAuthenticationFilter@2210e466, org.springframework.security.web.session.SessionManagementFilter@7323dce7, org.springframework.security.web.access.ExceptionTranslationFilter@4746fb8c, org.springframework.security.web.access.intercept.FilterSecurityInterceptor@31e3c34]
2023-03-23 15:15:29.656  INFO 27112 --- [main] o.s.b.t.m.w.SpringBootMockServletContext : Initializing Spring TestDispatcherServlet ''
2023-03-23 15:15:29.657  INFO 27112 --- [main] o.s.t.web.servlet.TestDispatcherServlet  : Initializing Servlet ''
2023-03-23 15:15:29.658  INFO 27112 --- [main] o.s.t.web.servlet.TestDispatcherServlet  : Completed initialization in 1 ms
2023-03-23 15:15:29.679  INFO 27112 --- [main] d.s.w.p.DocumentationPluginsBootstrapper : Context refreshed
2023-03-23 15:15:29.696  INFO 27112 --- [main] d.s.w.p.DocumentationPluginsBootstrapper : Found 1 custom documentation plugin(s)
2023-03-23 15:15:29.734  INFO 27112 --- [main] s.d.s.w.s.ApiListingReferenceScanner     : Scanning for api listing references
2023-03-23 15:15:29.863  INFO 27112 --- [main] com.bekir.controller.UserControllerTest  : Started UserControllerTest in 2.492 seconds (JVM running for 3.262)
2023-03-23 15:19:54.379  INFO 4452 --- [main] com.bekir.controller.UserControllerTest  : Starting UserControllerTest using Java 17.0.6 on DESKTOP-2H10H22 with PID 4452 (started by Bekir in D:\bekir\my_projects\Java\exercise\creditApplication)
2023-03-23 15:19:54.381  INFO 4452 --- [main] com.bekir.controller.UserControllerTest  : No active profile set, falling back to default profiles: default
2023-03-23 15:19:55.781  INFO 4452 --- [main] pertySourcedRequestMappingHandlerMapping : Mapped URL path [/v2/api-docs] onto method [springfox.documentation.swagger2.web.Swagger2Controller#getDocumentation(String, HttpServletRequest)]
2023-03-23 15:19:56.051  WARN 4452 --- [main] ion$DefaultTemplateResolverConfiguration : Cannot find template location: classpath:/templates/ (please add some templates or check your Thymeleaf configuration)
2023-03-23 15:19:56.156  INFO 4452 --- [main] .s.s.UserDetailsServiceAutoConfiguration : 

Using generated security password: 130a60ad-d5cf-4d23-b10e-bf9d6537d52e

2023-03-23 15:19:56.290  INFO 4452 --- [main] o.s.s.web.DefaultSecurityFilterChain     : Will secure any request with [org.springframework.security.web.context.request.async.WebAsyncManagerIntegrationFilter@7e1762e6, org.springframework.security.web.context.SecurityContextPersistenceFilter@2ebf524, org.springframework.security.web.header.HeaderWriterFilter@7210f559, org.springframework.security.web.csrf.CsrfFilter@f0c1ae1, org.springframework.security.web.authentication.logout.LogoutFilter@2e8986b6, org.springframework.security.web.authentication.UsernamePasswordAuthenticationFilter@6866e740, org.springframework.security.web.authentication.ui.DefaultLoginPageGeneratingFilter@5814b4fb, org.springframework.security.web.authentication.ui.DefaultLogoutPageGeneratingFilter@5bccaedb, org.springframework.security.web.authentication.www.BasicAuthenticationFilter@608b906d, org.springframework.security.web.savedrequest.RequestCacheAwareFilter@59c08cf1, org.springframework.security.web.servletapi.SecurityContextHolderAwareRequestFilter@4746fb8c, org.springframework.security.web.authentication.AnonymousAuthenticationFilter@67784537, org.springframework.security.web.session.SessionManagementFilter@30e143ff, org.springframework.security.web.access.ExceptionTranslationFilter@60e67c06, org.springframework.security.web.access.intercept.FilterSecurityInterceptor@40dee07b]
2023-03-23 15:19:56.359  INFO 4452 --- [main] o.s.b.t.m.w.SpringBootMockServletContext : Initializing Spring TestDispatcherServlet ''
2023-03-23 15:19:56.359  INFO 4452 --- [main] o.s.t.web.servlet.TestDispatcherServlet  : Initializing Servlet ''
2023-03-23 15:19:56.360  INFO 4452 --- [main] o.s.t.web.servlet.TestDispatcherServlet  : Completed initialization in 1 ms
2023-03-23 15:19:56.382  INFO 4452 --- [main] d.s.w.p.DocumentationPluginsBootstrapper : Context refreshed
2023-03-23 15:19:56.399  INFO 4452 --- [main] d.s.w.p.DocumentationPluginsBootstrapper : Found 1 custom documentation plugin(s)
2023-03-23 15:19:56.433  INFO 4452 --- [main] s.d.s.w.s.ApiListingReferenceScanner     : Scanning for api listing references
2023-03-23 15:19:56.559  INFO 4452 --- [main] com.bekir.controller.UserControllerTest  : Started UserControllerTest in 2.509 seconds (JVM running for 3.367)
2023-03-23 15:20:53.654  INFO 18564 --- [main] com.bekir.controller.UserControllerTest  : Starting UserControllerTest using Java 17.0.6 on DESKTOP-2H10H22 with PID 18564 (started by Bekir in D:\bekir\my_projects\Java\exercise\creditApplication)
2023-03-23 15:20:53.655  INFO 18564 --- [main] com.bekir.controller.UserControllerTest  : No active profile set, falling back to default profiles: default
2023-03-23 15:20:55.040  INFO 18564 --- [main] pertySourcedRequestMappingHandlerMapping : Mapped URL path [/v2/api-docs] onto method [springfox.documentation.swagger2.web.Swagger2Controller#getDocumentation(String, HttpServletRequest)]
2023-03-23 15:20:55.313  WARN 18564 --- [main] ion$DefaultTemplateResolverConfiguration : Cannot find template location: classpath:/templates/ (please add some templates or check your Thymeleaf configuration)
2023-03-23 15:20:55.414  INFO 18564 --- [main] .s.s.UserDetailsServiceAutoConfiguration : 

Using generated security password: 5d56b53d-4175-453e-924f-0c12d3e18957

2023-03-23 15:20:55.547  INFO 18564 --- [main] o.s.s.web.DefaultSecurityFilterChain     : Will secure any request with [org.springframework.security.web.context.request.async.WebAsyncManagerIntegrationFilter@5d5ae6aa, org.springframework.security.web.context.SecurityContextPersistenceFilter@74b7497b, org.springframework.security.web.header.HeaderWriterFilter@513fab1e, org.springframework.security.web.csrf.CsrfFilter@60e67c06, org.springframework.security.web.authentication.logout.LogoutFilter@321c2a7, org.springframework.security.web.authentication.UsernamePasswordAuthenticationFilter@29c80149, org.springframework.security.web.authentication.ui.DefaultLoginPageGeneratingFilter@c87787d, org.springframework.security.web.authentication.ui.DefaultLogoutPageGeneratingFilter@2bc2e022, org.springframework.security.web.authentication.www.BasicAuthenticationFilter@6a0c7af6, org.springframework.security.web.savedrequest.RequestCacheAwareFilter@50fa5938, org.springframework.security.web.servletapi.SecurityContextHolderAwareRequestFilter@9f48198, org.springframework.security.web.authentication.AnonymousAuthenticationFilter@2210e466, org.springframework.security.web.session.SessionManagementFilter@7323dce7, org.springframework.security.web.access.ExceptionTranslationFilter@4746fb8c, org.springframework.security.web.access.intercept.FilterSecurityInterceptor@31e3c34]
2023-03-23 15:20:55.619  INFO 18564 --- [main] o.s.b.t.m.w.SpringBootMockServletContext : Initializing Spring TestDispatcherServlet ''
2023-03-23 15:20:55.619  INFO 18564 --- [main] o.s.t.web.servlet.TestDispatcherServlet  : Initializing Servlet ''
2023-03-23 15:20:55.621  INFO 18564 --- [main] o.s.t.web.servlet.TestDispatcherServlet  : Completed initialization in 1 ms
2023-03-23 15:20:55.641  INFO 18564 --- [main] d.s.w.p.DocumentationPluginsBootstrapper : Context refreshed
2023-03-23 15:20:55.671  INFO 18564 --- [main] d.s.w.p.DocumentationPluginsBootstrapper : Found 1 custom documentation plugin(s)
2023-03-23 15:20:55.693  INFO 18564 --- [main] s.d.s.w.s.ApiListingReferenceScanner     : Scanning for api listing references
2023-03-23 15:20:55.800  INFO 18564 --- [main] com.bekir.controller.UserControllerTest  : Started UserControllerTest in 2.44 seconds (JVM running for 3.191)
2023-03-23 15:21:11.303  INFO 3572 --- [main] com.bekir.controller.UserControllerTest  : Starting UserControllerTest using Java 17.0.6 on DESKTOP-2H10H22 with PID 3572 (started by Bekir in D:\bekir\my_projects\Java\exercise\creditApplication)
2023-03-23 15:21:11.306  INFO 3572 --- [main] com.bekir.controller.UserControllerTest  : No active profile set, falling back to default profiles: default
2023-03-23 15:21:12.704  INFO 3572 --- [main] pertySourcedRequestMappingHandlerMapping : Mapped URL path [/v2/api-docs] onto method [springfox.documentation.swagger2.web.Swagger2Controller#getDocumentation(String, HttpServletRequest)]
2023-03-23 15:21:12.981  WARN 3572 --- [main] ion$DefaultTemplateResolverConfiguration : Cannot find template location: classpath:/templates/ (please add some templates or check your Thymeleaf configuration)
2023-03-23 15:21:13.084  INFO 3572 --- [main] .s.s.UserDetailsServiceAutoConfiguration : 

Using generated security password: 3da74a8b-81de-4013-9b58-b3efc3ce8d8e

2023-03-23 15:21:13.219  INFO 3572 --- [main] o.s.s.web.DefaultSecurityFilterChain     : Will secure any request with [org.springframework.security.web.context.request.async.WebAsyncManagerIntegrationFilter@2bc2e022, org.springframework.security.web.context.SecurityContextPersistenceFilter@74f649a7, org.springframework.security.web.header.HeaderWriterFilter@53d87b2d, org.springframework.security.web.csrf.CsrfFilter@2bc59ab7, org.springframework.security.web.authentication.logout.LogoutFilter@14b48f39, org.springframework.security.web.authentication.UsernamePasswordAuthenticationFilter@14ad42, org.springframework.security.web.authentication.ui.DefaultLoginPageGeneratingFilter@1bea7b0, org.springframework.security.web.authentication.ui.DefaultLogoutPageGeneratingFilter@2210e466, org.springframework.security.web.authentication.www.BasicAuthenticationFilter@7f1ad846, org.springframework.security.web.savedrequest.RequestCacheAwareFilter@1e482ecd, org.springframework.security.web.servletapi.SecurityContextHolderAwareRequestFilter@5615f82d, org.springframework.security.web.authentication.AnonymousAuthenticationFilter@be1c08a, org.springframework.security.web.session.SessionManagementFilter@5f68eec6, org.springframework.security.web.access.ExceptionTranslationFilter@3be46d9c, org.springframework.security.web.access.intercept.FilterSecurityInterceptor@b4d83ac]
2023-03-23 15:21:13.293  INFO 3572 --- [main] o.s.b.t.m.w.SpringBootMockServletContext : Initializing Spring TestDispatcherServlet ''
2023-03-23 15:21:13.293  INFO 3572 --- [main] o.s.t.web.servlet.TestDispatcherServlet  : Initializing Servlet ''
2023-03-23 15:21:13.294  INFO 3572 --- [main] o.s.t.web.servlet.TestDispatcherServlet  : Completed initialization in 1 ms
2023-03-23 15:21:13.315  INFO 3572 --- [main] d.s.w.p.DocumentationPluginsBootstrapper : Context refreshed
2023-03-23 15:21:13.331  INFO 3572 --- [main] d.s.w.p.DocumentationPluginsBootstrapper : Found 1 custom documentation plugin(s)
2023-03-23 15:21:13.370  INFO 3572 --- [main] s.d.s.w.s.ApiListingReferenceScanner     : Scanning for api listing references
2023-03-23 15:21:13.498  INFO 3572 --- [main] com.bekir.controller.UserControllerTest  : Started UserControllerTest in 2.487 seconds (JVM running for 3.237)
